{"C:\\Users\\WINDOWS\\Documents\\projects\\developerdir\\app.js": {"path":"C:\\Users\\WINDOWS\\Documents\\projects\\developerdir\\app.js","statementMap":{"0":{"start":{"line":1,"column":20},"end":{"line":1,"column":42}},"1":{"start":{"line":2,"column":16},"end":{"line":2,"column":34}},"2":{"start":{"line":3,"column":13},"end":{"line":3,"column":28}},"3":{"start":{"line":4,"column":21},"end":{"line":4,"column":45}},"4":{"start":{"line":5,"column":15},"end":{"line":5,"column":32}},"5":{"start":{"line":7,"column":20},"end":{"line":7,"column":45}},"6":{"start":{"line":8,"column":22},"end":{"line":8,"column":50}},"7":{"start":{"line":10,"column":12},"end":{"line":10,"column":21}},"8":{"start":{"line":12,"column":15},"end":{"line":12,"column":47}},"9":{"start":{"line":13,"column":0},"end":{"line":13,"column":30}},"10":{"start":{"line":17,"column":0},"end":{"line":17,"column":48}},"11":{"start":{"line":18,"column":0},"end":{"line":18,"column":30}},"12":{"start":{"line":20,"column":0},"end":{"line":20,"column":23}},"13":{"start":{"line":21,"column":0},"end":{"line":21,"column":24}},"14":{"start":{"line":22,"column":0},"end":{"line":22,"column":49}},"15":{"start":{"line":23,"column":0},"end":{"line":23,"column":24}},"16":{"start":{"line":24,"column":0},"end":{"line":24,"column":56}},"17":{"start":{"line":26,"column":0},"end":{"line":26,"column":35}},"18":{"start":{"line":27,"column":0},"end":{"line":27,"column":39}},"19":{"start":{"line":30,"column":0},"end":{"line":32,"column":3}},"20":{"start":{"line":31,"column":4},"end":{"line":31,"column":27}},"21":{"start":{"line":35,"column":0},"end":{"line":43,"column":3}},"22":{"start":{"line":37,"column":4},"end":{"line":37,"column":37}},"23":{"start":{"line":38,"column":4},"end":{"line":38,"column":71}},"24":{"start":{"line":41,"column":4},"end":{"line":41,"column":34}},"25":{"start":{"line":42,"column":4},"end":{"line":42,"column":24}},"26":{"start":{"line":45,"column":0},"end":{"line":45,"column":24}}},"fnMap":{"0":{"name":"(anonymous_0)","decl":{"start":{"line":30,"column":8},"end":{"line":30,"column":9}},"loc":{"start":{"line":30,"column":33},"end":{"line":32,"column":1}},"line":30},"1":{"name":"(anonymous_1)","decl":{"start":{"line":35,"column":8},"end":{"line":35,"column":9}},"loc":{"start":{"line":35,"column":38},"end":{"line":43,"column":1}},"line":35}},"branchMap":{"0":{"loc":{"start":{"line":38,"column":23},"end":{"line":38,"column":70}},"type":"cond-expr","locations":[{"start":{"line":38,"column":62},"end":{"line":38,"column":65}},{"start":{"line":38,"column":68},"end":{"line":38,"column":70}}],"line":38},"1":{"loc":{"start":{"line":41,"column":15},"end":{"line":41,"column":32}},"type":"binary-expr","locations":[{"start":{"line":41,"column":15},"end":{"line":41,"column":25}},{"start":{"line":41,"column":29},"end":{"line":41,"column":32}}],"line":41}},"s":{"0":1,"1":1,"2":1,"3":1,"4":1,"5":1,"6":0,"7":0,"8":0,"9":0,"10":0,"11":0,"12":0,"13":0,"14":0,"15":0,"16":0,"17":0,"18":0,"19":0,"20":0,"21":0,"22":0,"23":0,"24":0,"25":0,"26":0},"f":{"0":0,"1":0},"b":{"0":[0,0],"1":[0,0]},"_coverageSchema":"43e27e138ebf9cfc5966b082cf9a028302ed4184","hash":"92bea17055b7692d6759e8d55fe7401313a8c455"}
,"C:\\Users\\WINDOWS\\Documents\\projects\\developerdir\\controllers\\userController.js": {"path":"C:\\Users\\WINDOWS\\Documents\\projects\\developerdir\\controllers\\userController.js","statementMap":{},"fnMap":{},"branchMap":{},"s":{},"f":{},"b":{},"_coverageSchema":"43e27e138ebf9cfc5966b082cf9a028302ed4184","hash":"aae7c450ad48524b7deff7ee3cf36261e277bbdf"}
,"C:\\Users\\WINDOWS\\Documents\\projects\\developerdir\\helpers\\encryption.js": {"path":"C:\\Users\\WINDOWS\\Documents\\projects\\developerdir\\helpers\\encryption.js","statementMap":{"0":{"start":{"line":1,"column":15},"end":{"line":1,"column":32}},"1":{"start":{"line":3,"column":16},"end":{"line":7,"column":1}},"2":{"start":{"line":4,"column":23},"end":{"line":4,"column":25}},"3":{"start":{"line":5,"column":17},"end":{"line":5,"column":49}},"4":{"start":{"line":6,"column":4},"end":{"line":6,"column":45}},"5":{"start":{"line":9,"column":0},"end":{"line":11,"column":1}}},"fnMap":{"0":{"name":"(anonymous_0)","decl":{"start":{"line":3,"column":16},"end":{"line":3,"column":17}},"loc":{"start":{"line":3,"column":35},"end":{"line":7,"column":1}},"line":3}},"branchMap":{},"s":{"0":1,"1":1,"2":0,"3":0,"4":0,"5":1},"f":{"0":0},"b":{},"_coverageSchema":"43e27e138ebf9cfc5966b082cf9a028302ed4184","hash":"3731d57bbcc31baa37a103e7a4986e9cb57ab337"}
,"C:\\Users\\WINDOWS\\Documents\\projects\\developerdir\\helpers\\generate-token.js": {"path":"C:\\Users\\WINDOWS\\Documents\\projects\\developerdir\\helpers\\generate-token.js","statementMap":{"0":{"start":{"line":1,"column":10},"end":{"line":1,"column":33}},"1":{"start":{"line":3,"column":22},"end":{"line":13,"column":1}},"2":{"start":{"line":4,"column":26},"end":{"line":9,"column":5}},"3":{"start":{"line":11,"column":16},"end":{"line":11,"column":41}},"4":{"start":{"line":12,"column":4},"end":{"line":12,"column":40}},"5":{"start":{"line":15,"column":20},"end":{"line":18,"column":1}},"6":{"start":{"line":16,"column":4},"end":{"line":16,"column":59}},"7":{"start":{"line":17,"column":4},"end":{"line":17,"column":19}},"8":{"start":{"line":20,"column":0},"end":{"line":23,"column":2}}},"fnMap":{"0":{"name":"(anonymous_0)","decl":{"start":{"line":3,"column":22},"end":{"line":3,"column":23}},"loc":{"start":{"line":3,"column":32},"end":{"line":13,"column":1}},"line":3},"1":{"name":"(anonymous_1)","decl":{"start":{"line":15,"column":20},"end":{"line":15,"column":21}},"loc":{"start":{"line":15,"column":31},"end":{"line":18,"column":1}},"line":15}},"branchMap":{},"s":{"0":1,"1":1,"2":0,"3":0,"4":0,"5":1,"6":0,"7":0,"8":1},"f":{"0":0,"1":0},"b":{},"_coverageSchema":"43e27e138ebf9cfc5966b082cf9a028302ed4184","hash":"827d2a4a81968ea7bcc09d05a237e700677f97c3"}
,"C:\\Users\\WINDOWS\\Documents\\projects\\developerdir\\mailer\\user-reg.js": {"path":"C:\\Users\\WINDOWS\\Documents\\projects\\developerdir\\mailer\\user-reg.js","statementMap":{"0":{"start":{"line":1,"column":19},"end":{"line":1,"column":40}},"1":{"start":{"line":2,"column":26},"end":{"line":2,"column":62}},"2":{"start":{"line":3,"column":15},"end":{"line":3,"column":32}},"3":{"start":{"line":8,"column":17},"end":{"line":8,"column":34}},"4":{"start":{"line":9,"column":18},"end":{"line":9,"column":37}},"5":{"start":{"line":11,"column":22},"end":{"line":17,"column":6}},"6":{"start":{"line":19,"column":14},"end":{"line":19,"column":62}},"7":{"start":{"line":22,"column":15},"end":{"line":28,"column":6}},"8":{"start":{"line":30,"column":4},"end":{"line":30,"column":52}},"9":{"start":{"line":34,"column":0},"end":{"line":34,"column":26}}},"fnMap":{"0":{"name":"sendmail","decl":{"start":{"line":6,"column":15},"end":{"line":6,"column":23}},"loc":{"start":{"line":6,"column":30},"end":{"line":32,"column":1}},"line":6}},"branchMap":{},"s":{"0":1,"1":1,"2":1,"3":0,"4":0,"5":0,"6":0,"7":0,"8":0,"9":1},"f":{"0":0},"b":{},"_coverageSchema":"43e27e138ebf9cfc5966b082cf9a028302ed4184","hash":"3ffe7bfa7be8b26dfbe121269c67d7d082b2603d"}
,"C:\\Users\\WINDOWS\\Documents\\projects\\developerdir\\middleware\\auth.js": {"path":"C:\\Users\\WINDOWS\\Documents\\projects\\developerdir\\middleware\\auth.js","statementMap":{"0":{"start":{"line":1,"column":12},"end":{"line":1,"column":35}},"1":{"start":{"line":4,"column":18},"end":{"line":4,"column":44}},"2":{"start":{"line":5,"column":4},"end":{"line":5,"column":80}},"3":{"start":{"line":5,"column":16},"end":{"line":5,"column":80}},"4":{"start":{"line":7,"column":4},"end":{"line":13,"column":5}},"5":{"start":{"line":8,"column":24},"end":{"line":8,"column":68}},"6":{"start":{"line":9,"column":8},"end":{"line":9,"column":27}},"7":{"start":{"line":10,"column":8},"end":{"line":10,"column":15}},"8":{"start":{"line":12,"column":8},"end":{"line":12,"column":53}},"9":{"start":{"line":16,"column":0},"end":{"line":16,"column":22}}},"fnMap":{"0":{"name":"auth","decl":{"start":{"line":3,"column":9},"end":{"line":3,"column":13}},"loc":{"start":{"line":3,"column":30},"end":{"line":14,"column":1}},"line":3}},"branchMap":{"0":{"loc":{"start":{"line":5,"column":4},"end":{"line":5,"column":80}},"type":"if","locations":[{"start":{"line":5,"column":4},"end":{"line":5,"column":80}},{"start":{"line":5,"column":4},"end":{"line":5,"column":80}}],"line":5}},"s":{"0":1,"1":0,"2":0,"3":0,"4":0,"5":0,"6":0,"7":0,"8":0,"9":1},"f":{"0":0},"b":{"0":[0,0]},"_coverageSchema":"43e27e138ebf9cfc5966b082cf9a028302ed4184","hash":"3a27f405027af4026135517aa624f2ad317c2da6"}
,"C:\\Users\\WINDOWS\\Documents\\projects\\developerdir\\models\\user.js": {"path":"C:\\Users\\WINDOWS\\Documents\\projects\\developerdir\\models\\user.js","statementMap":{"0":{"start":{"line":1,"column":17},"end":{"line":1,"column":36}},"1":{"start":{"line":2,"column":12},"end":{"line":2,"column":35}},"2":{"start":{"line":3,"column":15},"end":{"line":3,"column":32}},"3":{"start":{"line":4,"column":16},"end":{"line":4,"column":45}},"4":{"start":{"line":6,"column":19},"end":{"line":65,"column":2}},"5":{"start":{"line":68,"column":0},"end":{"line":70,"column":2}},"6":{"start":{"line":69,"column":4},"end":{"line":69,"column":44}},"7":{"start":{"line":72,"column":0},"end":{"line":74,"column":2}},"8":{"start":{"line":73,"column":4},"end":{"line":73,"column":73}},"9":{"start":{"line":76,"column":0},"end":{"line":86,"column":2}},"10":{"start":{"line":78,"column":17},"end":{"line":78,"column":55}},"11":{"start":{"line":79,"column":4},"end":{"line":79,"column":28}},"12":{"start":{"line":79,"column":15},"end":{"line":79,"column":28}},"13":{"start":{"line":81,"column":18},"end":{"line":81,"column":63}},"14":{"start":{"line":83,"column":4},"end":{"line":83,"column":27}},"15":{"start":{"line":83,"column":15},"end":{"line":83,"column":27}},"16":{"start":{"line":84,"column":4},"end":{"line":84,"column":17}},"17":{"start":{"line":88,"column":0},"end":{"line":91,"column":2}},"18":{"start":{"line":89,"column":15},"end":{"line":89,"column":61}},"19":{"start":{"line":90,"column":4},"end":{"line":90,"column":16}},"20":{"start":{"line":95,"column":0},"end":{"line":97,"column":3}},"21":{"start":{"line":96,"column":4},"end":{"line":96,"column":78}},"22":{"start":{"line":100,"column":0},"end":{"line":102,"column":3}},"23":{"start":{"line":101,"column":4},"end":{"line":101,"column":23}},"24":{"start":{"line":104,"column":0},"end":{"line":115,"column":3}},"25":{"start":{"line":105,"column":15},"end":{"line":105,"column":19}},"26":{"start":{"line":106,"column":4},"end":{"line":106,"column":52}},"27":{"start":{"line":106,"column":38},"end":{"line":106,"column":52}},"28":{"start":{"line":109,"column":23},"end":{"line":109,"column":25}},"29":{"start":{"line":110,"column":17},"end":{"line":110,"column":49}},"30":{"start":{"line":111,"column":27},"end":{"line":111,"column":65}},"31":{"start":{"line":112,"column":4},"end":{"line":112,"column":35}},"32":{"start":{"line":113,"column":4},"end":{"line":113,"column":11}},"33":{"start":{"line":117,"column":0},"end":{"line":121,"column":3}},"34":{"start":{"line":118,"column":15},"end":{"line":118,"column":19}},"35":{"start":{"line":119,"column":4},"end":{"line":119,"column":47}},"36":{"start":{"line":120,"column":4},"end":{"line":120,"column":11}},"37":{"start":{"line":123,"column":13},"end":{"line":123,"column":47}},"38":{"start":{"line":125,"column":0},"end":{"line":125,"column":26}}},"fnMap":{"0":{"name":"(anonymous_0)","decl":{"start":{"line":68,"column":28},"end":{"line":68,"column":29}},"loc":{"start":{"line":68,"column":44},"end":{"line":70,"column":1}},"line":68},"1":{"name":"(anonymous_1)","decl":{"start":{"line":72,"column":35},"end":{"line":72,"column":36}},"loc":{"start":{"line":72,"column":50},"end":{"line":74,"column":1}},"line":72},"2":{"name":"(anonymous_2)","decl":{"start":{"line":76,"column":27},"end":{"line":76,"column":28}},"loc":{"start":{"line":76,"column":59},"end":{"line":86,"column":1}},"line":76},"3":{"name":"(anonymous_3)","decl":{"start":{"line":88,"column":27},"end":{"line":88,"column":28}},"loc":{"start":{"line":88,"column":43},"end":{"line":91,"column":1}},"line":88},"4":{"name":"(anonymous_4)","decl":{"start":{"line":95,"column":34},"end":{"line":95,"column":35}},"loc":{"start":{"line":95,"column":45},"end":{"line":97,"column":1}},"line":95},"5":{"name":"(anonymous_5)","decl":{"start":{"line":100,"column":35},"end":{"line":100,"column":36}},"loc":{"start":{"line":100,"column":51},"end":{"line":102,"column":1}},"line":100},"6":{"name":"(anonymous_6)","decl":{"start":{"line":104,"column":23},"end":{"line":104,"column":24}},"loc":{"start":{"line":104,"column":44},"end":{"line":115,"column":1}},"line":104},"7":{"name":"(anonymous_7)","decl":{"start":{"line":117,"column":24},"end":{"line":117,"column":25}},"loc":{"start":{"line":117,"column":54},"end":{"line":121,"column":1}},"line":117}},"branchMap":{"0":{"loc":{"start":{"line":79,"column":4},"end":{"line":79,"column":28}},"type":"if","locations":[{"start":{"line":79,"column":4},"end":{"line":79,"column":28}},{"start":{"line":79,"column":4},"end":{"line":79,"column":28}}],"line":79},"1":{"loc":{"start":{"line":83,"column":4},"end":{"line":83,"column":27}},"type":"if","locations":[{"start":{"line":83,"column":4},"end":{"line":83,"column":27}},{"start":{"line":83,"column":4},"end":{"line":83,"column":27}}],"line":83},"2":{"loc":{"start":{"line":106,"column":4},"end":{"line":106,"column":52}},"type":"if","locations":[{"start":{"line":106,"column":4},"end":{"line":106,"column":52}},{"start":{"line":106,"column":4},"end":{"line":106,"column":52}}],"line":106}},"s":{"0":1,"1":1,"2":1,"3":1,"4":1,"5":1,"6":0,"7":1,"8":0,"9":1,"10":0,"11":0,"12":0,"13":0,"14":0,"15":0,"16":0,"17":1,"18":0,"19":0,"20":1,"21":0,"22":1,"23":0,"24":1,"25":8,"26":8,"27":0,"28":8,"29":8,"30":8,"31":8,"32":8,"33":1,"34":0,"35":0,"36":0,"37":1,"38":1},"f":{"0":0,"1":0,"2":0,"3":0,"4":0,"5":0,"6":8,"7":0},"b":{"0":[0,0],"1":[0,0],"2":[0,8]},"_coverageSchema":"43e27e138ebf9cfc5966b082cf9a028302ed4184","hash":"ff65593261359ff256959d5837414517d53f4ee9"}
,"C:\\Users\\WINDOWS\\Documents\\projects\\developerdir\\routes\\users.js": {"path":"C:\\Users\\WINDOWS\\Documents\\projects\\developerdir\\routes\\users.js","statementMap":{"0":{"start":{"line":1,"column":14},"end":{"line":1,"column":32}},"1":{"start":{"line":2,"column":13},"end":{"line":2,"column":29}},"2":{"start":{"line":3,"column":23},"end":{"line":3,"column":63}},"3":{"start":{"line":4,"column":17},"end":{"line":4,"column":42}},"4":{"start":{"line":9,"column":4},"end":{"line":9,"column":45}},"5":{"start":{"line":11,"column":20},"end":{"line":11,"column":52}},"6":{"start":{"line":12,"column":13},"end":{"line":12,"column":42}},"7":{"start":{"line":13,"column":39},"end":{"line":13,"column":75}},"8":{"start":{"line":20,"column":0},"end":{"line":20,"column":38}},"9":{"start":{"line":23,"column":0},"end":{"line":49,"column":3}},"10":{"start":{"line":25,"column":22},"end":{"line":25,"column":47}},"11":{"start":{"line":26,"column":4},"end":{"line":26,"column":69}},"12":{"start":{"line":26,"column":15},"end":{"line":26,"column":69}},"13":{"start":{"line":28,"column":4},"end":{"line":34,"column":5}},"14":{"start":{"line":30,"column":21},"end":{"line":30,"column":68}},"15":{"start":{"line":31,"column":8},"end":{"line":31,"column":85}},"16":{"start":{"line":31,"column":18},"end":{"line":31,"column":85}},"17":{"start":{"line":33,"column":8},"end":{"line":33,"column":51}},"18":{"start":{"line":38,"column":18},"end":{"line":42,"column":6}},"19":{"start":{"line":45,"column":4},"end":{"line":45,"column":25}},"20":{"start":{"line":47,"column":4},"end":{"line":47,"column":34}},"21":{"start":{"line":51,"column":0},"end":{"line":77,"column":3}},"22":{"start":{"line":55,"column":4},"end":{"line":59,"column":5}},"23":{"start":{"line":56,"column":8},"end":{"line":56,"column":48}},"24":{"start":{"line":58,"column":8},"end":{"line":58,"column":51}},"25":{"start":{"line":61,"column":4},"end":{"line":66,"column":5}},"26":{"start":{"line":62,"column":8},"end":{"line":62,"column":79}},"27":{"start":{"line":63,"column":8},"end":{"line":63,"column":70}},"28":{"start":{"line":63,"column":19},"end":{"line":63,"column":70}},"29":{"start":{"line":65,"column":8},"end":{"line":65,"column":51}},"30":{"start":{"line":68,"column":4},"end":{"line":68,"column":77}},"31":{"start":{"line":68,"column":23},"end":{"line":68,"column":77}},"32":{"start":{"line":70,"column":4},"end":{"line":75,"column":5}},"33":{"start":{"line":71,"column":8},"end":{"line":71,"column":84}},"34":{"start":{"line":72,"column":8},"end":{"line":72,"column":97}},"35":{"start":{"line":72,"column":27},"end":{"line":72,"column":97}},"36":{"start":{"line":74,"column":8},"end":{"line":74,"column":51}},"37":{"start":{"line":79,"column":0},"end":{"line":95,"column":3}},"38":{"start":{"line":81,"column":22},"end":{"line":81,"column":49}},"39":{"start":{"line":82,"column":4},"end":{"line":82,"column":69}},"40":{"start":{"line":82,"column":15},"end":{"line":82,"column":69}},"41":{"start":{"line":85,"column":17},"end":{"line":85,"column":68}},"42":{"start":{"line":86,"column":4},"end":{"line":86,"column":78}},"43":{"start":{"line":86,"column":15},"end":{"line":86,"column":78}},"44":{"start":{"line":88,"column":4},"end":{"line":88,"column":94}},"45":{"start":{"line":88,"column":24},"end":{"line":88,"column":94}},"46":{"start":{"line":91,"column":18},"end":{"line":91,"column":37}},"47":{"start":{"line":92,"column":4},"end":{"line":92,"column":73}},"48":{"start":{"line":92,"column":16},"end":{"line":92,"column":73}},"49":{"start":{"line":94,"column":4},"end":{"line":94,"column":50}},"50":{"start":{"line":97,"column":0},"end":{"line":113,"column":3}},"51":{"start":{"line":99,"column":22},"end":{"line":99,"column":46}},"52":{"start":{"line":100,"column":4},"end":{"line":100,"column":69}},"53":{"start":{"line":100,"column":15},"end":{"line":100,"column":69}},"54":{"start":{"line":102,"column":19},"end":{"line":102,"column":53}},"55":{"start":{"line":104,"column":4},"end":{"line":104,"column":96}},"56":{"start":{"line":104,"column":26},"end":{"line":104,"column":96}},"57":{"start":{"line":107,"column":27},"end":{"line":107,"column":59}},"58":{"start":{"line":109,"column":19},"end":{"line":109,"column":94}},"59":{"start":{"line":110,"column":4},"end":{"line":110,"column":79}},"60":{"start":{"line":110,"column":17},"end":{"line":110,"column":79}},"61":{"start":{"line":112,"column":4},"end":{"line":112,"column":20}},"62":{"start":{"line":115,"column":0},"end":{"line":124,"column":3}},"63":{"start":{"line":116,"column":4},"end":{"line":123,"column":5}},"64":{"start":{"line":117,"column":21},"end":{"line":117,"column":64}},"65":{"start":{"line":118,"column":8},"end":{"line":118,"column":77}},"66":{"start":{"line":118,"column":19},"end":{"line":118,"column":77}},"67":{"start":{"line":120,"column":8},"end":{"line":120,"column":23}},"68":{"start":{"line":122,"column":8},"end":{"line":122,"column":51}},"69":{"start":{"line":128,"column":0},"end":{"line":128,"column":24}}},"fnMap":{"0":{"name":"(anonymous_0)","decl":{"start":{"line":23,"column":25},"end":{"line":23,"column":26}},"loc":{"start":{"line":23,"column":50},"end":{"line":49,"column":1}},"line":23},"1":{"name":"(anonymous_1)","decl":{"start":{"line":51,"column":37},"end":{"line":51,"column":38}},"loc":{"start":{"line":51,"column":56},"end":{"line":77,"column":1}},"line":51},"2":{"name":"(anonymous_2)","decl":{"start":{"line":79,"column":33},"end":{"line":79,"column":34}},"loc":{"start":{"line":79,"column":52},"end":{"line":95,"column":1}},"line":79},"3":{"name":"(anonymous_3)","decl":{"start":{"line":97,"column":38},"end":{"line":97,"column":39}},"loc":{"start":{"line":97,"column":57},"end":{"line":113,"column":1}},"line":97},"4":{"name":"(anonymous_4)","decl":{"start":{"line":115,"column":40},"end":{"line":115,"column":41}},"loc":{"start":{"line":115,"column":59},"end":{"line":124,"column":1}},"line":115}},"branchMap":{"0":{"loc":{"start":{"line":26,"column":4},"end":{"line":26,"column":69}},"type":"if","locations":[{"start":{"line":26,"column":4},"end":{"line":26,"column":69}},{"start":{"line":26,"column":4},"end":{"line":26,"column":69}}],"line":26},"1":{"loc":{"start":{"line":31,"column":8},"end":{"line":31,"column":85}},"type":"if","locations":[{"start":{"line":31,"column":8},"end":{"line":31,"column":85}},{"start":{"line":31,"column":8},"end":{"line":31,"column":85}}],"line":31},"2":{"loc":{"start":{"line":63,"column":8},"end":{"line":63,"column":70}},"type":"if","locations":[{"start":{"line":63,"column":8},"end":{"line":63,"column":70}},{"start":{"line":63,"column":8},"end":{"line":63,"column":70}}],"line":63},"3":{"loc":{"start":{"line":68,"column":4},"end":{"line":68,"column":77}},"type":"if","locations":[{"start":{"line":68,"column":4},"end":{"line":68,"column":77}},{"start":{"line":68,"column":4},"end":{"line":68,"column":77}}],"line":68},"4":{"loc":{"start":{"line":72,"column":8},"end":{"line":72,"column":97}},"type":"if","locations":[{"start":{"line":72,"column":8},"end":{"line":72,"column":97}},{"start":{"line":72,"column":8},"end":{"line":72,"column":97}}],"line":72},"5":{"loc":{"start":{"line":82,"column":4},"end":{"line":82,"column":69}},"type":"if","locations":[{"start":{"line":82,"column":4},"end":{"line":82,"column":69}},{"start":{"line":82,"column":4},"end":{"line":82,"column":69}}],"line":82},"6":{"loc":{"start":{"line":86,"column":4},"end":{"line":86,"column":78}},"type":"if","locations":[{"start":{"line":86,"column":4},"end":{"line":86,"column":78}},{"start":{"line":86,"column":4},"end":{"line":86,"column":78}}],"line":86},"7":{"loc":{"start":{"line":88,"column":4},"end":{"line":88,"column":94}},"type":"if","locations":[{"start":{"line":88,"column":4},"end":{"line":88,"column":94}},{"start":{"line":88,"column":4},"end":{"line":88,"column":94}}],"line":88},"8":{"loc":{"start":{"line":92,"column":4},"end":{"line":92,"column":73}},"type":"if","locations":[{"start":{"line":92,"column":4},"end":{"line":92,"column":73}},{"start":{"line":92,"column":4},"end":{"line":92,"column":73}}],"line":92},"9":{"loc":{"start":{"line":100,"column":4},"end":{"line":100,"column":69}},"type":"if","locations":[{"start":{"line":100,"column":4},"end":{"line":100,"column":69}},{"start":{"line":100,"column":4},"end":{"line":100,"column":69}}],"line":100},"10":{"loc":{"start":{"line":104,"column":4},"end":{"line":104,"column":96}},"type":"if","locations":[{"start":{"line":104,"column":4},"end":{"line":104,"column":96}},{"start":{"line":104,"column":4},"end":{"line":104,"column":96}}],"line":104},"11":{"loc":{"start":{"line":110,"column":4},"end":{"line":110,"column":79}},"type":"if","locations":[{"start":{"line":110,"column":4},"end":{"line":110,"column":79}},{"start":{"line":110,"column":4},"end":{"line":110,"column":79}}],"line":110},"12":{"loc":{"start":{"line":118,"column":8},"end":{"line":118,"column":77}},"type":"if","locations":[{"start":{"line":118,"column":8},"end":{"line":118,"column":77}},{"start":{"line":118,"column":8},"end":{"line":118,"column":77}}],"line":118}},"s":{"0":1,"1":1,"2":1,"3":1,"4":1,"5":1,"6":1,"7":1,"8":1,"9":0,"10":0,"11":0,"12":0,"13":0,"14":0,"15":0,"16":0,"17":0,"18":0,"19":0,"20":0,"21":0,"22":0,"23":0,"24":0,"25":0,"26":0,"27":0,"28":0,"29":0,"30":0,"31":0,"32":0,"33":0,"34":0,"35":0,"36":0,"37":0,"38":0,"39":0,"40":0,"41":0,"42":0,"43":0,"44":0,"45":0,"46":0,"47":0,"48":0,"49":0,"50":0,"51":0,"52":0,"53":0,"54":0,"55":0,"56":0,"57":0,"58":0,"59":0,"60":0,"61":0,"62":0,"63":0,"64":0,"65":0,"66":0,"67":0,"68":0,"69":0},"f":{"0":0,"1":0,"2":0,"3":0,"4":0},"b":{"0":[0,0],"1":[0,0],"2":[0,0],"3":[0,0],"4":[0,0],"5":[0,0],"6":[0,0],"7":[0,0],"8":[0,0],"9":[0,0],"10":[0,0],"11":[0,0],"12":[0,0]},"_coverageSchema":"43e27e138ebf9cfc5966b082cf9a028302ed4184","hash":"01d2373021bf4edadbf0236f13e1653d397de797"}
,"C:\\Users\\WINDOWS\\Documents\\projects\\developerdir\\validations\\user-validation.js": {"path":"C:\\Users\\WINDOWS\\Documents\\projects\\developerdir\\validations\\user-validation.js","statementMap":{"0":{"start":{"line":1,"column":12},"end":{"line":1,"column":32}},"1":{"start":{"line":4,"column":24},"end":{"line":12,"column":1}},"2":{"start":{"line":5,"column":19},"end":{"line":9,"column":6}},"3":{"start":{"line":11,"column":4},"end":{"line":11,"column":36}},"4":{"start":{"line":14,"column":26},"end":{"line":21,"column":1}},"5":{"start":{"line":15,"column":19},"end":{"line":18,"column":6}},"6":{"start":{"line":20,"column":4},"end":{"line":20,"column":36}},"7":{"start":{"line":23,"column":23},"end":{"line":30,"column":1}},"8":{"start":{"line":24,"column":19},"end":{"line":27,"column":6}},"9":{"start":{"line":26,"column":92},"end":{"line":26,"column":98}},"10":{"start":{"line":29,"column":4},"end":{"line":29,"column":36}},"11":{"start":{"line":32,"column":20},"end":{"line":42,"column":1}},"12":{"start":{"line":33,"column":19},"end":{"line":39,"column":6}},"13":{"start":{"line":41,"column":4},"end":{"line":41,"column":36}},"14":{"start":{"line":46,"column":0},"end":{"line":51,"column":2}}},"fnMap":{"0":{"name":"(anonymous_0)","decl":{"start":{"line":4,"column":24},"end":{"line":4,"column":25}},"loc":{"start":{"line":4,"column":37},"end":{"line":12,"column":1}},"line":4},"1":{"name":"(anonymous_1)","decl":{"start":{"line":14,"column":26},"end":{"line":14,"column":27}},"loc":{"start":{"line":14,"column":39},"end":{"line":21,"column":1}},"line":14},"2":{"name":"(anonymous_2)","decl":{"start":{"line":23,"column":23},"end":{"line":23,"column":24}},"loc":{"start":{"line":23,"column":36},"end":{"line":30,"column":1}},"line":23},"3":{"name":"(anonymous_3)","decl":{"start":{"line":26,"column":80},"end":{"line":26,"column":81}},"loc":{"start":{"line":26,"column":92},"end":{"line":26,"column":98}},"line":26},"4":{"name":"(anonymous_4)","decl":{"start":{"line":32,"column":20},"end":{"line":32,"column":21}},"loc":{"start":{"line":32,"column":33},"end":{"line":42,"column":1}},"line":32}},"branchMap":{},"s":{"0":1,"1":1,"2":0,"3":0,"4":1,"5":0,"6":0,"7":1,"8":0,"9":0,"10":0,"11":1,"12":0,"13":0,"14":1},"f":{"0":0,"1":0,"2":0,"3":0,"4":0},"b":{},"_coverageSchema":"43e27e138ebf9cfc5966b082cf9a028302ed4184","hash":"74329900db4fa5250d1dc2e1f140b0bc622f07e3"}
}
