{"C:\\Users\\WINDOWS\\Documents\\projects\\developerdir\\app.js": {"path":"C:\\Users\\WINDOWS\\Documents\\projects\\developerdir\\app.js","statementMap":{"0":{"start":{"line":1,"column":20},"end":{"line":1,"column":42}},"1":{"start":{"line":2,"column":16},"end":{"line":2,"column":34}},"2":{"start":{"line":3,"column":13},"end":{"line":3,"column":28}},"3":{"start":{"line":4,"column":21},"end":{"line":4,"column":45}},"4":{"start":{"line":5,"column":15},"end":{"line":5,"column":32}},"5":{"start":{"line":7,"column":20},"end":{"line":7,"column":45}},"6":{"start":{"line":8,"column":22},"end":{"line":8,"column":50}},"7":{"start":{"line":10,"column":12},"end":{"line":10,"column":21}},"8":{"start":{"line":12,"column":15},"end":{"line":12,"column":47}},"9":{"start":{"line":13,"column":0},"end":{"line":13,"column":30}},"10":{"start":{"line":17,"column":0},"end":{"line":17,"column":48}},"11":{"start":{"line":18,"column":0},"end":{"line":18,"column":30}},"12":{"start":{"line":20,"column":0},"end":{"line":20,"column":23}},"13":{"start":{"line":21,"column":0},"end":{"line":21,"column":24}},"14":{"start":{"line":22,"column":0},"end":{"line":22,"column":49}},"15":{"start":{"line":23,"column":0},"end":{"line":23,"column":24}},"16":{"start":{"line":24,"column":0},"end":{"line":24,"column":56}},"17":{"start":{"line":26,"column":0},"end":{"line":26,"column":35}},"18":{"start":{"line":27,"column":0},"end":{"line":27,"column":39}},"19":{"start":{"line":30,"column":0},"end":{"line":32,"column":3}},"20":{"start":{"line":31,"column":4},"end":{"line":31,"column":27}},"21":{"start":{"line":35,"column":0},"end":{"line":43,"column":3}},"22":{"start":{"line":37,"column":4},"end":{"line":37,"column":37}},"23":{"start":{"line":38,"column":4},"end":{"line":38,"column":71}},"24":{"start":{"line":41,"column":4},"end":{"line":41,"column":34}},"25":{"start":{"line":42,"column":4},"end":{"line":42,"column":24}},"26":{"start":{"line":45,"column":0},"end":{"line":45,"column":24}}},"fnMap":{"0":{"name":"(anonymous_0)","decl":{"start":{"line":30,"column":8},"end":{"line":30,"column":9}},"loc":{"start":{"line":30,"column":33},"end":{"line":32,"column":1}},"line":30},"1":{"name":"(anonymous_1)","decl":{"start":{"line":35,"column":8},"end":{"line":35,"column":9}},"loc":{"start":{"line":35,"column":38},"end":{"line":43,"column":1}},"line":35}},"branchMap":{"0":{"loc":{"start":{"line":38,"column":23},"end":{"line":38,"column":70}},"type":"cond-expr","locations":[{"start":{"line":38,"column":62},"end":{"line":38,"column":65}},{"start":{"line":38,"column":68},"end":{"line":38,"column":70}}],"line":38},"1":{"loc":{"start":{"line":41,"column":15},"end":{"line":41,"column":32}},"type":"binary-expr","locations":[{"start":{"line":41,"column":15},"end":{"line":41,"column":25}},{"start":{"line":41,"column":29},"end":{"line":41,"column":32}}],"line":41}},"s":{"0":1,"1":1,"2":1,"3":1,"4":1,"5":1,"6":1,"7":1,"8":1,"9":1,"10":1,"11":1,"12":1,"13":1,"14":1,"15":1,"16":1,"17":1,"18":1,"19":1,"20":0,"21":1,"22":0,"23":0,"24":0,"25":0,"26":1},"f":{"0":0,"1":0},"b":{"0":[0,0],"1":[0,0]},"_coverageSchema":"43e27e138ebf9cfc5966b082cf9a028302ed4184","hash":"92bea17055b7692d6759e8d55fe7401313a8c455"}
,"C:\\Users\\WINDOWS\\Documents\\projects\\developerdir\\controllers\\profileController.js": {"path":"C:\\Users\\WINDOWS\\Documents\\projects\\developerdir\\controllers\\profileController.js","statementMap":{"0":{"start":{"line":1,"column":17},"end":{"line":1,"column":42}},"1":{"start":{"line":2,"column":24},"end":{"line":2,"column":65}},"2":{"start":{"line":3,"column":28},"end":{"line":3,"column":65}},"3":{"start":{"line":6,"column":0},"end":{"line":12,"column":1}},"4":{"start":{"line":7,"column":4},"end":{"line":11,"column":7}},"5":{"start":{"line":8,"column":21},"end":{"line":8,"column":100}},"6":{"start":{"line":9,"column":8},"end":{"line":9,"column":70}},"7":{"start":{"line":9,"column":19},"end":{"line":9,"column":70}},"8":{"start":{"line":10,"column":8},"end":{"line":10,"column":23}},"9":{"start":{"line":14,"column":0},"end":{"line":20,"column":1}},"10":{"start":{"line":16,"column":4},"end":{"line":19,"column":7}},"11":{"start":{"line":17,"column":8},"end":{"line":17,"column":58}},"12":{"start":{"line":18,"column":8},"end":{"line":18,"column":23}},"13":{"start":{"line":22,"column":0},"end":{"line":48,"column":1}},"14":{"start":{"line":24,"column":4},"end":{"line":47,"column":7}},"15":{"start":{"line":27,"column":26},"end":{"line":27,"column":47}},"16":{"start":{"line":28,"column":8},"end":{"line":28,"column":73}},"17":{"start":{"line":28,"column":19},"end":{"line":28,"column":73}},"18":{"start":{"line":30,"column":8},"end":{"line":30,"column":49}},"19":{"start":{"line":31,"column":8},"end":{"line":31,"column":78}},"20":{"start":{"line":31,"column":19},"end":{"line":31,"column":78}},"21":{"start":{"line":33,"column":8},"end":{"line":33,"column":86}},"22":{"start":{"line":33,"column":28},"end":{"line":33,"column":86}},"23":{"start":{"line":35,"column":8},"end":{"line":42,"column":10}},"24":{"start":{"line":44,"column":8},"end":{"line":44,"column":26}},"25":{"start":{"line":46,"column":8},"end":{"line":46,"column":35}},"26":{"start":{"line":50,"column":0},"end":{"line":66,"column":1}},"27":{"start":{"line":52,"column":4},"end":{"line":65,"column":7}},"28":{"start":{"line":55,"column":8},"end":{"line":55,"column":57}},"29":{"start":{"line":56,"column":8},"end":{"line":56,"column":78}},"30":{"start":{"line":56,"column":19},"end":{"line":56,"column":78}},"31":{"start":{"line":58,"column":8},"end":{"line":58,"column":89}},"32":{"start":{"line":58,"column":27},"end":{"line":58,"column":89}},"33":{"start":{"line":60,"column":8},"end":{"line":60,"column":33}},"34":{"start":{"line":62,"column":8},"end":{"line":62,"column":26}},"35":{"start":{"line":64,"column":8},"end":{"line":64,"column":23}}},"fnMap":{"0":{"name":"(anonymous_0)","decl":{"start":{"line":6,"column":13},"end":{"line":6,"column":14}},"loc":{"start":{"line":6,"column":33},"end":{"line":12,"column":1}},"line":6},"1":{"name":"(anonymous_1)","decl":{"start":{"line":7,"column":20},"end":{"line":7,"column":21}},"loc":{"start":{"line":7,"column":31},"end":{"line":11,"column":5}},"line":7},"2":{"name":"(anonymous_2)","decl":{"start":{"line":14,"column":17},"end":{"line":14,"column":18}},"loc":{"start":{"line":14,"column":37},"end":{"line":20,"column":1}},"line":14},"3":{"name":"(anonymous_3)","decl":{"start":{"line":16,"column":20},"end":{"line":16,"column":21}},"loc":{"start":{"line":16,"column":31},"end":{"line":19,"column":5}},"line":16},"4":{"name":"(anonymous_4)","decl":{"start":{"line":22,"column":17},"end":{"line":22,"column":18}},"loc":{"start":{"line":22,"column":37},"end":{"line":48,"column":1}},"line":22},"5":{"name":"(anonymous_5)","decl":{"start":{"line":24,"column":20},"end":{"line":24,"column":21}},"loc":{"start":{"line":24,"column":31},"end":{"line":47,"column":5}},"line":24},"6":{"name":"(anonymous_6)","decl":{"start":{"line":50,"column":17},"end":{"line":50,"column":18}},"loc":{"start":{"line":50,"column":37},"end":{"line":66,"column":1}},"line":50},"7":{"name":"(anonymous_7)","decl":{"start":{"line":52,"column":20},"end":{"line":52,"column":21}},"loc":{"start":{"line":52,"column":31},"end":{"line":65,"column":5}},"line":52}},"branchMap":{"0":{"loc":{"start":{"line":9,"column":8},"end":{"line":9,"column":70}},"type":"if","locations":[{"start":{"line":9,"column":8},"end":{"line":9,"column":70}},{"start":{"line":9,"column":8},"end":{"line":9,"column":70}}],"line":9},"1":{"loc":{"start":{"line":28,"column":8},"end":{"line":28,"column":73}},"type":"if","locations":[{"start":{"line":28,"column":8},"end":{"line":28,"column":73}},{"start":{"line":28,"column":8},"end":{"line":28,"column":73}}],"line":28},"2":{"loc":{"start":{"line":31,"column":8},"end":{"line":31,"column":78}},"type":"if","locations":[{"start":{"line":31,"column":8},"end":{"line":31,"column":78}},{"start":{"line":31,"column":8},"end":{"line":31,"column":78}}],"line":31},"3":{"loc":{"start":{"line":33,"column":8},"end":{"line":33,"column":86}},"type":"if","locations":[{"start":{"line":33,"column":8},"end":{"line":33,"column":86}},{"start":{"line":33,"column":8},"end":{"line":33,"column":86}}],"line":33},"4":{"loc":{"start":{"line":56,"column":8},"end":{"line":56,"column":78}},"type":"if","locations":[{"start":{"line":56,"column":8},"end":{"line":56,"column":78}},{"start":{"line":56,"column":8},"end":{"line":56,"column":78}}],"line":56},"5":{"loc":{"start":{"line":58,"column":8},"end":{"line":58,"column":89}},"type":"if","locations":[{"start":{"line":58,"column":8},"end":{"line":58,"column":89}},{"start":{"line":58,"column":8},"end":{"line":58,"column":89}}],"line":58}},"s":{"0":1,"1":1,"2":1,"3":1,"4":0,"5":0,"6":0,"7":0,"8":0,"9":1,"10":0,"11":0,"12":0,"13":1,"14":0,"15":0,"16":0,"17":0,"18":0,"19":0,"20":0,"21":0,"22":0,"23":0,"24":0,"25":0,"26":1,"27":0,"28":0,"29":0,"30":0,"31":0,"32":0,"33":0,"34":0,"35":0},"f":{"0":0,"1":0,"2":0,"3":0,"4":0,"5":0,"6":0,"7":0},"b":{"0":[0,0],"1":[0,0],"2":[0,0],"3":[0,0],"4":[0,0],"5":[0,0]},"_coverageSchema":"43e27e138ebf9cfc5966b082cf9a028302ed4184","hash":"920ba8468983d7f7b8fa07fda6f1843736d72a48"}
,"C:\\Users\\WINDOWS\\Documents\\projects\\developerdir\\controllers\\userController.js": {"path":"C:\\Users\\WINDOWS\\Documents\\projects\\developerdir\\controllers\\userController.js","statementMap":{"0":{"start":{"line":1,"column":17},"end":{"line":1,"column":42}},"1":{"start":{"line":6,"column":4},"end":{"line":6,"column":45}},"2":{"start":{"line":7,"column":39},"end":{"line":7,"column":75}},"3":{"start":{"line":8,"column":20},"end":{"line":8,"column":52}},"4":{"start":{"line":9,"column":28},"end":{"line":9,"column":65}},"5":{"start":{"line":11,"column":0},"end":{"line":17,"column":1}},"6":{"start":{"line":12,"column":4},"end":{"line":16,"column":6}},"7":{"start":{"line":13,"column":21},"end":{"line":13,"column":38}},"8":{"start":{"line":14,"column":8},"end":{"line":14,"column":70}},"9":{"start":{"line":14,"column":19},"end":{"line":14,"column":70}},"10":{"start":{"line":15,"column":8},"end":{"line":15,"column":23}},"11":{"start":{"line":19,"column":0},"end":{"line":45,"column":1}},"12":{"start":{"line":22,"column":4},"end":{"line":44,"column":7}},"13":{"start":{"line":25,"column":26},"end":{"line":25,"column":51}},"14":{"start":{"line":26,"column":8},"end":{"line":26,"column":73}},"15":{"start":{"line":26,"column":19},"end":{"line":26,"column":73}},"16":{"start":{"line":28,"column":21},"end":{"line":28,"column":54}},"17":{"start":{"line":29,"column":8},"end":{"line":29,"column":86}},"18":{"start":{"line":29,"column":18},"end":{"line":29,"column":86}},"19":{"start":{"line":32,"column":22},"end":{"line":36,"column":10}},"20":{"start":{"line":39,"column":8},"end":{"line":39,"column":29}},"21":{"start":{"line":41,"column":8},"end":{"line":41,"column":38}},"22":{"start":{"line":48,"column":0},"end":{"line":66,"column":1}},"23":{"start":{"line":52,"column":4},"end":{"line":52,"column":58}},"24":{"start":{"line":53,"column":4},"end":{"line":53,"column":44}},"25":{"start":{"line":55,"column":4},"end":{"line":55,"column":75}},"26":{"start":{"line":56,"column":4},"end":{"line":56,"column":66}},"27":{"start":{"line":56,"column":15},"end":{"line":56,"column":66}},"28":{"start":{"line":58,"column":4},"end":{"line":58,"column":77}},"29":{"start":{"line":58,"column":23},"end":{"line":58,"column":77}},"30":{"start":{"line":60,"column":4},"end":{"line":60,"column":80}},"31":{"start":{"line":61,"column":4},"end":{"line":61,"column":93}},"32":{"start":{"line":61,"column":23},"end":{"line":61,"column":93}},"33":{"start":{"line":69,"column":0},"end":{"line":87,"column":1}},"34":{"start":{"line":70,"column":4},"end":{"line":86,"column":6}},"35":{"start":{"line":72,"column":26},"end":{"line":72,"column":53}},"36":{"start":{"line":73,"column":8},"end":{"line":73,"column":73}},"37":{"start":{"line":73,"column":19},"end":{"line":73,"column":73}},"38":{"start":{"line":76,"column":21},"end":{"line":76,"column":72}},"39":{"start":{"line":77,"column":8},"end":{"line":77,"column":82}},"40":{"start":{"line":77,"column":19},"end":{"line":77,"column":82}},"41":{"start":{"line":79,"column":8},"end":{"line":79,"column":98}},"42":{"start":{"line":79,"column":28},"end":{"line":79,"column":98}},"43":{"start":{"line":82,"column":22},"end":{"line":82,"column":41}},"44":{"start":{"line":83,"column":8},"end":{"line":83,"column":77}},"45":{"start":{"line":83,"column":20},"end":{"line":83,"column":77}},"46":{"start":{"line":85,"column":8},"end":{"line":85,"column":54}},"47":{"start":{"line":90,"column":0},"end":{"line":107,"column":1}},"48":{"start":{"line":91,"column":4},"end":{"line":106,"column":6}},"49":{"start":{"line":93,"column":26},"end":{"line":93,"column":50}},"50":{"start":{"line":94,"column":8},"end":{"line":94,"column":73}},"51":{"start":{"line":94,"column":19},"end":{"line":94,"column":73}},"52":{"start":{"line":96,"column":23},"end":{"line":96,"column":57}},"53":{"start":{"line":98,"column":8},"end":{"line":98,"column":100}},"54":{"start":{"line":98,"column":30},"end":{"line":98,"column":100}},"55":{"start":{"line":100,"column":31},"end":{"line":100,"column":63}},"56":{"start":{"line":102,"column":23},"end":{"line":102,"column":98}},"57":{"start":{"line":103,"column":8},"end":{"line":103,"column":83}},"58":{"start":{"line":103,"column":21},"end":{"line":103,"column":83}},"59":{"start":{"line":105,"column":8},"end":{"line":105,"column":24}},"60":{"start":{"line":109,"column":0},"end":{"line":115,"column":1}},"61":{"start":{"line":110,"column":4},"end":{"line":114,"column":7}},"62":{"start":{"line":111,"column":21},"end":{"line":111,"column":64}},"63":{"start":{"line":112,"column":8},"end":{"line":112,"column":77}},"64":{"start":{"line":112,"column":19},"end":{"line":112,"column":77}},"65":{"start":{"line":113,"column":8},"end":{"line":113,"column":23}}},"fnMap":{"0":{"name":"(anonymous_0)","decl":{"start":{"line":11,"column":16},"end":{"line":11,"column":17}},"loc":{"start":{"line":11,"column":36},"end":{"line":17,"column":1}},"line":11},"1":{"name":"(anonymous_1)","decl":{"start":{"line":12,"column":20},"end":{"line":12,"column":21}},"loc":{"start":{"line":12,"column":31},"end":{"line":16,"column":5}},"line":12},"2":{"name":"(anonymous_2)","decl":{"start":{"line":19,"column":19},"end":{"line":19,"column":20}},"loc":{"start":{"line":19,"column":39},"end":{"line":45,"column":1}},"line":19},"3":{"name":"(anonymous_3)","decl":{"start":{"line":22,"column":20},"end":{"line":22,"column":21}},"loc":{"start":{"line":22,"column":31},"end":{"line":44,"column":5}},"line":22},"4":{"name":"(anonymous_4)","decl":{"start":{"line":48,"column":24},"end":{"line":48,"column":25}},"loc":{"start":{"line":48,"column":55},"end":{"line":66,"column":1}},"line":48},"5":{"name":"(anonymous_5)","decl":{"start":{"line":69,"column":24},"end":{"line":69,"column":25}},"loc":{"start":{"line":69,"column":38},"end":{"line":87,"column":1}},"line":69},"6":{"name":"(anonymous_6)","decl":{"start":{"line":70,"column":20},"end":{"line":70,"column":21}},"loc":{"start":{"line":70,"column":31},"end":{"line":86,"column":5}},"line":70},"7":{"name":"(anonymous_7)","decl":{"start":{"line":90,"column":25},"end":{"line":90,"column":26}},"loc":{"start":{"line":90,"column":39},"end":{"line":107,"column":1}},"line":90},"8":{"name":"(anonymous_8)","decl":{"start":{"line":91,"column":20},"end":{"line":91,"column":21}},"loc":{"start":{"line":91,"column":31},"end":{"line":106,"column":5}},"line":91},"9":{"name":"(anonymous_9)","decl":{"start":{"line":109,"column":24},"end":{"line":109,"column":25}},"loc":{"start":{"line":109,"column":38},"end":{"line":115,"column":1}},"line":109},"10":{"name":"(anonymous_10)","decl":{"start":{"line":110,"column":20},"end":{"line":110,"column":21}},"loc":{"start":{"line":110,"column":31},"end":{"line":114,"column":5}},"line":110}},"branchMap":{"0":{"loc":{"start":{"line":14,"column":8},"end":{"line":14,"column":70}},"type":"if","locations":[{"start":{"line":14,"column":8},"end":{"line":14,"column":70}},{"start":{"line":14,"column":8},"end":{"line":14,"column":70}}],"line":14},"1":{"loc":{"start":{"line":26,"column":8},"end":{"line":26,"column":73}},"type":"if","locations":[{"start":{"line":26,"column":8},"end":{"line":26,"column":73}},{"start":{"line":26,"column":8},"end":{"line":26,"column":73}}],"line":26},"2":{"loc":{"start":{"line":29,"column":8},"end":{"line":29,"column":86}},"type":"if","locations":[{"start":{"line":29,"column":8},"end":{"line":29,"column":86}},{"start":{"line":29,"column":8},"end":{"line":29,"column":86}}],"line":29},"3":{"loc":{"start":{"line":56,"column":4},"end":{"line":56,"column":66}},"type":"if","locations":[{"start":{"line":56,"column":4},"end":{"line":56,"column":66}},{"start":{"line":56,"column":4},"end":{"line":56,"column":66}}],"line":56},"4":{"loc":{"start":{"line":58,"column":4},"end":{"line":58,"column":77}},"type":"if","locations":[{"start":{"line":58,"column":4},"end":{"line":58,"column":77}},{"start":{"line":58,"column":4},"end":{"line":58,"column":77}}],"line":58},"5":{"loc":{"start":{"line":61,"column":4},"end":{"line":61,"column":93}},"type":"if","locations":[{"start":{"line":61,"column":4},"end":{"line":61,"column":93}},{"start":{"line":61,"column":4},"end":{"line":61,"column":93}}],"line":61},"6":{"loc":{"start":{"line":73,"column":8},"end":{"line":73,"column":73}},"type":"if","locations":[{"start":{"line":73,"column":8},"end":{"line":73,"column":73}},{"start":{"line":73,"column":8},"end":{"line":73,"column":73}}],"line":73},"7":{"loc":{"start":{"line":77,"column":8},"end":{"line":77,"column":82}},"type":"if","locations":[{"start":{"line":77,"column":8},"end":{"line":77,"column":82}},{"start":{"line":77,"column":8},"end":{"line":77,"column":82}}],"line":77},"8":{"loc":{"start":{"line":79,"column":8},"end":{"line":79,"column":98}},"type":"if","locations":[{"start":{"line":79,"column":8},"end":{"line":79,"column":98}},{"start":{"line":79,"column":8},"end":{"line":79,"column":98}}],"line":79},"9":{"loc":{"start":{"line":83,"column":8},"end":{"line":83,"column":77}},"type":"if","locations":[{"start":{"line":83,"column":8},"end":{"line":83,"column":77}},{"start":{"line":83,"column":8},"end":{"line":83,"column":77}}],"line":83},"10":{"loc":{"start":{"line":94,"column":8},"end":{"line":94,"column":73}},"type":"if","locations":[{"start":{"line":94,"column":8},"end":{"line":94,"column":73}},{"start":{"line":94,"column":8},"end":{"line":94,"column":73}}],"line":94},"11":{"loc":{"start":{"line":98,"column":8},"end":{"line":98,"column":100}},"type":"if","locations":[{"start":{"line":98,"column":8},"end":{"line":98,"column":100}},{"start":{"line":98,"column":8},"end":{"line":98,"column":100}}],"line":98},"12":{"loc":{"start":{"line":103,"column":8},"end":{"line":103,"column":83}},"type":"if","locations":[{"start":{"line":103,"column":8},"end":{"line":103,"column":83}},{"start":{"line":103,"column":8},"end":{"line":103,"column":83}}],"line":103},"13":{"loc":{"start":{"line":112,"column":8},"end":{"line":112,"column":77}},"type":"if","locations":[{"start":{"line":112,"column":8},"end":{"line":112,"column":77}},{"start":{"line":112,"column":8},"end":{"line":112,"column":77}}],"line":112}},"s":{"0":1,"1":1,"2":1,"3":1,"4":1,"5":1,"6":0,"7":0,"8":0,"9":0,"10":0,"11":1,"12":3,"13":3,"14":3,"15":0,"16":3,"17":3,"18":1,"19":2,"20":2,"21":2,"22":1,"23":3,"24":0,"25":0,"26":0,"27":0,"28":0,"29":0,"30":0,"31":0,"32":0,"33":1,"34":2,"35":2,"36":2,"37":0,"38":2,"39":2,"40":1,"41":1,"42":1,"43":0,"44":0,"45":0,"46":0,"47":1,"48":1,"49":1,"50":1,"51":0,"52":1,"53":1,"54":1,"55":0,"56":0,"57":0,"58":0,"59":0,"60":1,"61":0,"62":0,"63":0,"64":0,"65":0},"f":{"0":0,"1":0,"2":3,"3":3,"4":3,"5":2,"6":2,"7":1,"8":1,"9":0,"10":0},"b":{"0":[0,0],"1":[0,3],"2":[1,2],"3":[0,0],"4":[0,0],"5":[0,0],"6":[0,2],"7":[1,1],"8":[1,0],"9":[0,0],"10":[0,1],"11":[1,0],"12":[0,0],"13":[0,0]},"_coverageSchema":"43e27e138ebf9cfc5966b082cf9a028302ed4184","hash":"9b5b7c5447a65ed329ffbb058565adb9bf8ccd1c"}
,"C:\\Users\\WINDOWS\\Documents\\projects\\developerdir\\helpers\\encryption.js": {"path":"C:\\Users\\WINDOWS\\Documents\\projects\\developerdir\\helpers\\encryption.js","statementMap":{"0":{"start":{"line":1,"column":15},"end":{"line":1,"column":32}},"1":{"start":{"line":3,"column":16},"end":{"line":7,"column":1}},"2":{"start":{"line":4,"column":23},"end":{"line":4,"column":25}},"3":{"start":{"line":5,"column":17},"end":{"line":5,"column":49}},"4":{"start":{"line":6,"column":4},"end":{"line":6,"column":45}},"5":{"start":{"line":9,"column":0},"end":{"line":11,"column":1}}},"fnMap":{"0":{"name":"(anonymous_0)","decl":{"start":{"line":3,"column":16},"end":{"line":3,"column":17}},"loc":{"start":{"line":3,"column":35},"end":{"line":7,"column":1}},"line":3}},"branchMap":{},"s":{"0":1,"1":1,"2":0,"3":0,"4":0,"5":1},"f":{"0":0},"b":{},"_coverageSchema":"43e27e138ebf9cfc5966b082cf9a028302ed4184","hash":"3731d57bbcc31baa37a103e7a4986e9cb57ab337"}
,"C:\\Users\\WINDOWS\\Documents\\projects\\developerdir\\helpers\\generate-token.js": {"path":"C:\\Users\\WINDOWS\\Documents\\projects\\developerdir\\helpers\\generate-token.js","statementMap":{"0":{"start":{"line":1,"column":10},"end":{"line":1,"column":33}},"1":{"start":{"line":3,"column":22},"end":{"line":13,"column":1}},"2":{"start":{"line":4,"column":26},"end":{"line":9,"column":5}},"3":{"start":{"line":11,"column":16},"end":{"line":11,"column":41}},"4":{"start":{"line":12,"column":4},"end":{"line":12,"column":40}},"5":{"start":{"line":15,"column":20},"end":{"line":18,"column":1}},"6":{"start":{"line":16,"column":4},"end":{"line":16,"column":59}},"7":{"start":{"line":17,"column":4},"end":{"line":17,"column":19}},"8":{"start":{"line":20,"column":0},"end":{"line":23,"column":2}}},"fnMap":{"0":{"name":"(anonymous_0)","decl":{"start":{"line":3,"column":22},"end":{"line":3,"column":23}},"loc":{"start":{"line":3,"column":32},"end":{"line":13,"column":1}},"line":3},"1":{"name":"(anonymous_1)","decl":{"start":{"line":15,"column":20},"end":{"line":15,"column":21}},"loc":{"start":{"line":15,"column":31},"end":{"line":18,"column":1}},"line":15}},"branchMap":{},"s":{"0":1,"1":1,"2":10,"3":10,"4":10,"5":1,"6":0,"7":0,"8":1},"f":{"0":10,"1":0},"b":{},"_coverageSchema":"43e27e138ebf9cfc5966b082cf9a028302ed4184","hash":"827d2a4a81968ea7bcc09d05a237e700677f97c3"}
,"C:\\Users\\WINDOWS\\Documents\\projects\\developerdir\\helpers\\process-request.js": {"path":"C:\\Users\\WINDOWS\\Documents\\projects\\developerdir\\helpers\\process-request.js","statementMap":{"0":{"start":{"line":1,"column":0},"end":{"line":7,"column":1}},"1":{"start":{"line":2,"column":4},"end":{"line":6,"column":5}},"2":{"start":{"line":3,"column":8},"end":{"line":3,"column":18}},"3":{"start":{"line":5,"column":8},"end":{"line":5,"column":51}}},"fnMap":{"0":{"name":"(anonymous_0)","decl":{"start":{"line":1,"column":26},"end":{"line":1,"column":27}},"loc":{"start":{"line":1,"column":45},"end":{"line":7,"column":1}},"line":1}},"branchMap":{},"s":{"0":1,"1":8,"2":8,"3":0},"f":{"0":8},"b":{},"_coverageSchema":"43e27e138ebf9cfc5966b082cf9a028302ed4184","hash":"744433d32f8e38515575ef36c73b1dcf1cbc5585"}
,"C:\\Users\\WINDOWS\\Documents\\projects\\developerdir\\init\\db-config.js": {"path":"C:\\Users\\WINDOWS\\Documents\\projects\\developerdir\\init\\db-config.js","statementMap":{"0":{"start":{"line":1,"column":17},"end":{"line":1,"column":36}},"1":{"start":{"line":2,"column":15},"end":{"line":2,"column":32}},"2":{"start":{"line":4,"column":0},"end":{"line":17,"column":1}},"3":{"start":{"line":6,"column":4},"end":{"line":11,"column":5}},"4":{"start":{"line":7,"column":19},"end":{"line":7,"column":35}},"5":{"start":{"line":8,"column":8},"end":{"line":8,"column":88}},"6":{"start":{"line":10,"column":8},"end":{"line":10,"column":27}},"7":{"start":{"line":13,"column":4},"end":{"line":15,"column":7}},"8":{"start":{"line":14,"column":8},"end":{"line":14,"column":25}}},"fnMap":{"0":{"name":"(anonymous_0)","decl":{"start":{"line":4,"column":17},"end":{"line":4,"column":18}},"loc":{"start":{"line":4,"column":34},"end":{"line":17,"column":1}},"line":4},"1":{"name":"(anonymous_1)","decl":{"start":{"line":13,"column":36},"end":{"line":13,"column":37}},"loc":{"start":{"line":13,"column":43},"end":{"line":15,"column":5}},"line":13}},"branchMap":{},"s":{"0":1,"1":1,"2":1,"3":1,"4":1,"5":1,"6":0,"7":1,"8":0},"f":{"0":1,"1":0},"b":{},"_coverageSchema":"43e27e138ebf9cfc5966b082cf9a028302ed4184","hash":"3105a2faaf613f39152362b39b451ca4b97d25b0"}
,"C:\\Users\\WINDOWS\\Documents\\projects\\developerdir\\init\\start-app.js": {"path":"C:\\Users\\WINDOWS\\Documents\\projects\\developerdir\\init\\start-app.js","statementMap":{"0":{"start":{"line":1,"column":17},"end":{"line":4,"column":1}},"1":{"start":{"line":2,"column":17},"end":{"line":2,"column":41}},"2":{"start":{"line":3,"column":4},"end":{"line":3,"column":88}},"3":{"start":{"line":3,"column":34},"end":{"line":3,"column":86}},"4":{"start":{"line":6,"column":0},"end":{"line":6,"column":26}}},"fnMap":{"0":{"name":"(anonymous_0)","decl":{"start":{"line":1,"column":17},"end":{"line":1,"column":18}},"loc":{"start":{"line":1,"column":26},"end":{"line":4,"column":1}},"line":1},"1":{"name":"(anonymous_1)","decl":{"start":{"line":3,"column":28},"end":{"line":3,"column":29}},"loc":{"start":{"line":3,"column":34},"end":{"line":3,"column":86}},"line":3}},"branchMap":{"0":{"loc":{"start":{"line":2,"column":17},"end":{"line":2,"column":41}},"type":"binary-expr","locations":[{"start":{"line":2,"column":17},"end":{"line":2,"column":33}},{"start":{"line":2,"column":37},"end":{"line":2,"column":41}}],"line":2}},"s":{"0":1,"1":1,"2":1,"3":1,"4":1},"f":{"0":1,"1":1},"b":{"0":[1,1]},"_coverageSchema":"43e27e138ebf9cfc5966b082cf9a028302ed4184","hash":"31e1780cb008baa7a96ccc86a52f87b7cd6651d9"}
,"C:\\Users\\WINDOWS\\Documents\\projects\\developerdir\\mailer\\user-reg.js": {"path":"C:\\Users\\WINDOWS\\Documents\\projects\\developerdir\\mailer\\user-reg.js","statementMap":{"0":{"start":{"line":1,"column":19},"end":{"line":1,"column":40}},"1":{"start":{"line":2,"column":26},"end":{"line":2,"column":62}},"2":{"start":{"line":3,"column":15},"end":{"line":3,"column":32}},"3":{"start":{"line":8,"column":17},"end":{"line":8,"column":34}},"4":{"start":{"line":9,"column":18},"end":{"line":9,"column":37}},"5":{"start":{"line":11,"column":22},"end":{"line":17,"column":6}},"6":{"start":{"line":19,"column":14},"end":{"line":19,"column":62}},"7":{"start":{"line":22,"column":15},"end":{"line":28,"column":6}},"8":{"start":{"line":30,"column":4},"end":{"line":30,"column":52}},"9":{"start":{"line":34,"column":0},"end":{"line":34,"column":26}}},"fnMap":{"0":{"name":"sendmail","decl":{"start":{"line":6,"column":15},"end":{"line":6,"column":23}},"loc":{"start":{"line":6,"column":30},"end":{"line":32,"column":1}},"line":6}},"branchMap":{},"s":{"0":1,"1":1,"2":1,"3":10,"4":10,"5":10,"6":10,"7":10,"8":10,"9":1},"f":{"0":10},"b":{},"_coverageSchema":"43e27e138ebf9cfc5966b082cf9a028302ed4184","hash":"3ffe7bfa7be8b26dfbe121269c67d7d082b2603d"}
,"C:\\Users\\WINDOWS\\Documents\\projects\\developerdir\\middleware\\auth.js": {"path":"C:\\Users\\WINDOWS\\Documents\\projects\\developerdir\\middleware\\auth.js","statementMap":{"0":{"start":{"line":1,"column":12},"end":{"line":1,"column":35}},"1":{"start":{"line":2,"column":28},"end":{"line":2,"column":65}},"2":{"start":{"line":6,"column":4},"end":{"line":13,"column":7}},"3":{"start":{"line":7,"column":22},"end":{"line":7,"column":48}},"4":{"start":{"line":8,"column":8},"end":{"line":8,"column":84}},"5":{"start":{"line":8,"column":20},"end":{"line":8,"column":84}},"6":{"start":{"line":10,"column":24},"end":{"line":10,"column":68}},"7":{"start":{"line":11,"column":8},"end":{"line":11,"column":27}},"8":{"start":{"line":12,"column":8},"end":{"line":12,"column":15}},"9":{"start":{"line":19,"column":0},"end":{"line":19,"column":22}}},"fnMap":{"0":{"name":"auth","decl":{"start":{"line":4,"column":9},"end":{"line":4,"column":13}},"loc":{"start":{"line":4,"column":30},"end":{"line":17,"column":1}},"line":4},"1":{"name":"(anonymous_1)","decl":{"start":{"line":6,"column":20},"end":{"line":6,"column":21}},"loc":{"start":{"line":6,"column":31},"end":{"line":13,"column":5}},"line":6}},"branchMap":{"0":{"loc":{"start":{"line":8,"column":8},"end":{"line":8,"column":84}},"type":"if","locations":[{"start":{"line":8,"column":8},"end":{"line":8,"column":84}},{"start":{"line":8,"column":8},"end":{"line":8,"column":84}}],"line":8}},"s":{"0":1,"1":1,"2":2,"3":2,"4":2,"5":1,"6":1,"7":1,"8":1,"9":1},"f":{"0":2,"1":2},"b":{"0":[1,1]},"_coverageSchema":"43e27e138ebf9cfc5966b082cf9a028302ed4184","hash":"01d44369adaa9187dfa04d89c3e23d7ff74a34f1"}
,"C:\\Users\\WINDOWS\\Documents\\projects\\developerdir\\models\\user.js": {"path":"C:\\Users\\WINDOWS\\Documents\\projects\\developerdir\\models\\user.js","statementMap":{"0":{"start":{"line":1,"column":17},"end":{"line":1,"column":36}},"1":{"start":{"line":2,"column":12},"end":{"line":2,"column":35}},"2":{"start":{"line":3,"column":15},"end":{"line":3,"column":32}},"3":{"start":{"line":4,"column":16},"end":{"line":4,"column":45}},"4":{"start":{"line":6,"column":19},"end":{"line":65,"column":2}},"5":{"start":{"line":68,"column":0},"end":{"line":70,"column":2}},"6":{"start":{"line":69,"column":4},"end":{"line":69,"column":44}},"7":{"start":{"line":72,"column":0},"end":{"line":74,"column":2}},"8":{"start":{"line":73,"column":4},"end":{"line":73,"column":73}},"9":{"start":{"line":76,"column":0},"end":{"line":86,"column":2}},"10":{"start":{"line":78,"column":17},"end":{"line":78,"column":55}},"11":{"start":{"line":79,"column":4},"end":{"line":79,"column":28}},"12":{"start":{"line":79,"column":15},"end":{"line":79,"column":28}},"13":{"start":{"line":81,"column":18},"end":{"line":81,"column":63}},"14":{"start":{"line":83,"column":4},"end":{"line":83,"column":27}},"15":{"start":{"line":83,"column":15},"end":{"line":83,"column":27}},"16":{"start":{"line":84,"column":4},"end":{"line":84,"column":17}},"17":{"start":{"line":88,"column":0},"end":{"line":91,"column":2}},"18":{"start":{"line":89,"column":15},"end":{"line":89,"column":61}},"19":{"start":{"line":90,"column":4},"end":{"line":90,"column":16}},"20":{"start":{"line":95,"column":0},"end":{"line":97,"column":3}},"21":{"start":{"line":96,"column":4},"end":{"line":96,"column":78}},"22":{"start":{"line":100,"column":0},"end":{"line":102,"column":3}},"23":{"start":{"line":101,"column":4},"end":{"line":101,"column":23}},"24":{"start":{"line":104,"column":0},"end":{"line":115,"column":3}},"25":{"start":{"line":105,"column":15},"end":{"line":105,"column":19}},"26":{"start":{"line":106,"column":4},"end":{"line":106,"column":52}},"27":{"start":{"line":106,"column":38},"end":{"line":106,"column":52}},"28":{"start":{"line":109,"column":23},"end":{"line":109,"column":25}},"29":{"start":{"line":110,"column":17},"end":{"line":110,"column":49}},"30":{"start":{"line":111,"column":27},"end":{"line":111,"column":65}},"31":{"start":{"line":112,"column":4},"end":{"line":112,"column":35}},"32":{"start":{"line":113,"column":4},"end":{"line":113,"column":11}},"33":{"start":{"line":117,"column":0},"end":{"line":121,"column":3}},"34":{"start":{"line":118,"column":15},"end":{"line":118,"column":19}},"35":{"start":{"line":119,"column":4},"end":{"line":119,"column":47}},"36":{"start":{"line":120,"column":4},"end":{"line":120,"column":11}},"37":{"start":{"line":123,"column":13},"end":{"line":123,"column":47}},"38":{"start":{"line":125,"column":0},"end":{"line":125,"column":26}}},"fnMap":{"0":{"name":"(anonymous_0)","decl":{"start":{"line":68,"column":28},"end":{"line":68,"column":29}},"loc":{"start":{"line":68,"column":44},"end":{"line":70,"column":1}},"line":68},"1":{"name":"(anonymous_1)","decl":{"start":{"line":72,"column":35},"end":{"line":72,"column":36}},"loc":{"start":{"line":72,"column":50},"end":{"line":74,"column":1}},"line":72},"2":{"name":"(anonymous_2)","decl":{"start":{"line":76,"column":27},"end":{"line":76,"column":28}},"loc":{"start":{"line":76,"column":59},"end":{"line":86,"column":1}},"line":76},"3":{"name":"(anonymous_3)","decl":{"start":{"line":88,"column":27},"end":{"line":88,"column":28}},"loc":{"start":{"line":88,"column":43},"end":{"line":91,"column":1}},"line":88},"4":{"name":"(anonymous_4)","decl":{"start":{"line":95,"column":34},"end":{"line":95,"column":35}},"loc":{"start":{"line":95,"column":45},"end":{"line":97,"column":1}},"line":95},"5":{"name":"(anonymous_5)","decl":{"start":{"line":100,"column":35},"end":{"line":100,"column":36}},"loc":{"start":{"line":100,"column":51},"end":{"line":102,"column":1}},"line":100},"6":{"name":"(anonymous_6)","decl":{"start":{"line":104,"column":23},"end":{"line":104,"column":24}},"loc":{"start":{"line":104,"column":44},"end":{"line":115,"column":1}},"line":104},"7":{"name":"(anonymous_7)","decl":{"start":{"line":117,"column":24},"end":{"line":117,"column":25}},"loc":{"start":{"line":117,"column":54},"end":{"line":121,"column":1}},"line":117}},"branchMap":{"0":{"loc":{"start":{"line":79,"column":4},"end":{"line":79,"column":28}},"type":"if","locations":[{"start":{"line":79,"column":4},"end":{"line":79,"column":28}},{"start":{"line":79,"column":4},"end":{"line":79,"column":28}}],"line":79},"1":{"loc":{"start":{"line":83,"column":4},"end":{"line":83,"column":27}},"type":"if","locations":[{"start":{"line":83,"column":4},"end":{"line":83,"column":27}},{"start":{"line":83,"column":4},"end":{"line":83,"column":27}}],"line":83},"2":{"loc":{"start":{"line":106,"column":4},"end":{"line":106,"column":52}},"type":"if","locations":[{"start":{"line":106,"column":4},"end":{"line":106,"column":52}},{"start":{"line":106,"column":4},"end":{"line":106,"column":52}}],"line":106}},"s":{"0":1,"1":1,"2":1,"3":1,"4":1,"5":1,"6":3,"7":1,"8":1,"9":1,"10":2,"11":2,"12":1,"13":1,"14":1,"15":1,"16":0,"17":1,"18":0,"19":0,"20":1,"21":0,"22":1,"23":0,"24":1,"25":10,"26":10,"27":0,"28":10,"29":10,"30":10,"31":10,"32":10,"33":1,"34":10,"35":10,"36":10,"37":1,"38":1},"f":{"0":3,"1":1,"2":2,"3":0,"4":0,"5":0,"6":10,"7":10},"b":{"0":[1,1],"1":[1,0],"2":[0,10]},"_coverageSchema":"43e27e138ebf9cfc5966b082cf9a028302ed4184","hash":"ff65593261359ff256959d5837414517d53f4ee9"}
,"C:\\Users\\WINDOWS\\Documents\\projects\\developerdir\\routes\\profiles.js": {"path":"C:\\Users\\WINDOWS\\Documents\\projects\\developerdir\\routes\\profiles.js","statementMap":{"0":{"start":{"line":1,"column":16},"end":{"line":1,"column":34}},"1":{"start":{"line":2,"column":15},"end":{"line":2,"column":31}},"2":{"start":{"line":3,"column":13},"end":{"line":3,"column":42}},"3":{"start":{"line":4,"column":26},"end":{"line":4,"column":69}},"4":{"start":{"line":7,"column":0},"end":{"line":7,"column":46}},"5":{"start":{"line":9,"column":0},"end":{"line":9,"column":54}},"6":{"start":{"line":12,"column":0},"end":{"line":12,"column":55}},"7":{"start":{"line":15,"column":0},"end":{"line":15,"column":57}},"8":{"start":{"line":17,"column":0},"end":{"line":17,"column":24}}},"fnMap":{},"branchMap":{},"s":{"0":1,"1":1,"2":1,"3":1,"4":1,"5":1,"6":1,"7":1,"8":1},"f":{},"b":{},"_coverageSchema":"43e27e138ebf9cfc5966b082cf9a028302ed4184","hash":"273a1b032168a3da0d6cb9f3a66b4178e46aab52"}
,"C:\\Users\\WINDOWS\\Documents\\projects\\developerdir\\routes\\users.js": {"path":"C:\\Users\\WINDOWS\\Documents\\projects\\developerdir\\routes\\users.js","statementMap":{"0":{"start":{"line":1,"column":14},"end":{"line":1,"column":32}},"1":{"start":{"line":2,"column":13},"end":{"line":2,"column":29}},"2":{"start":{"line":3,"column":23},"end":{"line":3,"column":63}},"3":{"start":{"line":4,"column":13},"end":{"line":4,"column":42}},"4":{"start":{"line":6,"column":0},"end":{"line":6,"column":38}},"5":{"start":{"line":7,"column":0},"end":{"line":7,"column":50}},"6":{"start":{"line":8,"column":0},"end":{"line":8,"column":67}},"7":{"start":{"line":9,"column":0},"end":{"line":9,"column":63}},"8":{"start":{"line":10,"column":0},"end":{"line":10,"column":69}},"9":{"start":{"line":11,"column":0},"end":{"line":11,"column":70}},"10":{"start":{"line":13,"column":0},"end":{"line":13,"column":24}}},"fnMap":{},"branchMap":{},"s":{"0":1,"1":1,"2":1,"3":1,"4":1,"5":1,"6":1,"7":1,"8":1,"9":1,"10":1},"f":{},"b":{},"_coverageSchema":"43e27e138ebf9cfc5966b082cf9a028302ed4184","hash":"ce561dd892ba3791bfba7db72a02292dd98ff349"}
,"C:\\Users\\WINDOWS\\Documents\\projects\\developerdir\\validations\\user-validation.js": {"path":"C:\\Users\\WINDOWS\\Documents\\projects\\developerdir\\validations\\user-validation.js","statementMap":{"0":{"start":{"line":1,"column":12},"end":{"line":1,"column":32}},"1":{"start":{"line":4,"column":24},"end":{"line":12,"column":1}},"2":{"start":{"line":5,"column":19},"end":{"line":9,"column":6}},"3":{"start":{"line":11,"column":4},"end":{"line":11,"column":36}},"4":{"start":{"line":14,"column":26},"end":{"line":21,"column":1}},"5":{"start":{"line":15,"column":19},"end":{"line":18,"column":6}},"6":{"start":{"line":20,"column":4},"end":{"line":20,"column":36}},"7":{"start":{"line":23,"column":23},"end":{"line":30,"column":1}},"8":{"start":{"line":24,"column":19},"end":{"line":27,"column":6}},"9":{"start":{"line":26,"column":92},"end":{"line":26,"column":98}},"10":{"start":{"line":29,"column":4},"end":{"line":29,"column":36}},"11":{"start":{"line":32,"column":20},"end":{"line":42,"column":1}},"12":{"start":{"line":33,"column":19},"end":{"line":39,"column":6}},"13":{"start":{"line":41,"column":4},"end":{"line":41,"column":36}},"14":{"start":{"line":46,"column":0},"end":{"line":51,"column":2}}},"fnMap":{"0":{"name":"(anonymous_0)","decl":{"start":{"line":4,"column":24},"end":{"line":4,"column":25}},"loc":{"start":{"line":4,"column":37},"end":{"line":12,"column":1}},"line":4},"1":{"name":"(anonymous_1)","decl":{"start":{"line":14,"column":26},"end":{"line":14,"column":27}},"loc":{"start":{"line":14,"column":39},"end":{"line":21,"column":1}},"line":14},"2":{"name":"(anonymous_2)","decl":{"start":{"line":23,"column":23},"end":{"line":23,"column":24}},"loc":{"start":{"line":23,"column":36},"end":{"line":30,"column":1}},"line":23},"3":{"name":"(anonymous_3)","decl":{"start":{"line":26,"column":80},"end":{"line":26,"column":81}},"loc":{"start":{"line":26,"column":92},"end":{"line":26,"column":98}},"line":26},"4":{"name":"(anonymous_4)","decl":{"start":{"line":32,"column":20},"end":{"line":32,"column":21}},"loc":{"start":{"line":32,"column":33},"end":{"line":42,"column":1}},"line":32}},"branchMap":{},"s":{"0":1,"1":1,"2":3,"3":3,"4":1,"5":2,"6":2,"7":1,"8":1,"9":0,"10":1,"11":1,"12":0,"13":0,"14":1},"f":{"0":3,"1":2,"2":1,"3":0,"4":0},"b":{},"_coverageSchema":"43e27e138ebf9cfc5966b082cf9a028302ed4184","hash":"74329900db4fa5250d1dc2e1f140b0bc622f07e3"}
}
