TN:
SF:C:\Users\WINDOWS\Documents\projects\developerdir\app.js
FN:31,(anonymous_0)
FN:36,(anonymous_1)
FNF:2
FNH:0
FNDA:0,(anonymous_0)
FNDA:0,(anonymous_1)
DA:1,1
DA:2,1
DA:3,1
DA:4,1
DA:5,1
DA:7,1
DA:8,1
DA:10,1
DA:12,1
DA:13,1
DA:18,1
DA:19,1
DA:21,1
DA:22,1
DA:23,1
DA:24,1
DA:25,1
DA:27,1
DA:28,1
DA:31,1
DA:32,0
DA:36,1
DA:38,0
DA:39,0
DA:42,0
DA:43,0
DA:46,1
LF:27
LH:22
BRDA:39,0,0,0
BRDA:39,0,1,0
BRDA:42,1,0,0
BRDA:42,1,1,0
BRF:4
BRH:0
end_of_record
TN:
SF:C:\Users\WINDOWS\Documents\projects\developerdir\init\db-config.js
FN:4,(anonymous_0)
FNF:1
FNH:1
FNDA:1,(anonymous_0)
DA:1,1
DA:2,1
DA:4,1
DA:6,1
DA:7,1
LF:5
LH:5
BRF:0
BRH:0
end_of_record
TN:
SF:C:\Users\WINDOWS\Documents\projects\developerdir\init\start-app.js
FN:1,(anonymous_0)
FN:3,(anonymous_1)
FNF:2
FNH:2
FNDA:1,(anonymous_0)
FNDA:1,(anonymous_1)
DA:1,1
DA:2,1
DA:3,1
DA:6,1
LF:4
LH:4
BRDA:2,0,0,1
BRDA:2,0,1,1
BRF:2
BRH:2
end_of_record
TN:
SF:C:\Users\WINDOWS\Documents\projects\developerdir\models\user.js
FNF:0
FNH:0
DA:1,1
DA:2,1
DA:4,1
DA:33,1
DA:35,1
LF:5
LH:5
BRF:0
BRH:0
end_of_record
TN:
SF:C:\Users\WINDOWS\Documents\projects\developerdir\routes\index.js
FN:5,(anonymous_0)
FNF:1
FNH:0
FNDA:0,(anonymous_0)
DA:1,1
DA:2,1
DA:5,1
DA:6,0
DA:9,1
LF:5
LH:4
BRF:0
BRH:0
end_of_record
TN:
SF:C:\Users\WINDOWS\Documents\projects\developerdir\routes\users.js
FN:10,(anonymous_0)
FN:15,(anonymous_1)
FNF:2
FNH:1
FNDA:0,(anonymous_0)
FNDA:5,(anonymous_1)
DA:1,1
DA:2,1
DA:3,1
DA:4,1
DA:5,1
DA:6,1
DA:7,1
DA:10,1
DA:11,0
DA:15,1
DA:17,5
DA:18,5
DA:20,4
DA:22,4
DA:24,3
DA:30,3
DA:33,3
DA:34,3
DA:35,3
DA:38,3
DA:41,3
DA:43,3
DA:44,3
DA:46,3
DA:50,1
LF:25
LH:24
BRDA:18,0,0,1
BRDA:18,0,1,4
BRDA:22,1,0,1
BRDA:22,1,1,3
BRF:4
BRH:4
end_of_record
TN:
SF:C:\Users\WINDOWS\Documents\projects\developerdir\validations\user-validation.js
FN:4,(anonymous_0)
FNF:1
FNH:1
FNDA:5,(anonymous_0)
DA:1,1
DA:4,1
DA:5,5
DA:11,5
DA:14,1
LF:5
LH:5
BRF:0
BRH:0
end_of_record
