TN:
SF:C:\Users\WINDOWS\Documents\projects\developerdir\app.js
FN:30,(anonymous_0)
FN:35,(anonymous_1)
FNF:2
FNH:0
FNDA:0,(anonymous_0)
FNDA:0,(anonymous_1)
DA:1,1
DA:2,1
DA:3,1
DA:4,1
DA:5,1
DA:7,1
DA:8,1
DA:10,1
DA:12,1
DA:13,1
DA:17,1
DA:18,1
DA:20,1
DA:21,1
DA:22,1
DA:23,1
DA:24,1
DA:26,1
DA:27,1
DA:30,1
DA:31,0
DA:35,1
DA:37,0
DA:38,0
DA:41,0
DA:42,0
DA:45,1
LF:27
LH:22
BRDA:38,0,0,0
BRDA:38,0,1,0
BRDA:41,1,0,0
BRDA:41,1,1,0
BRF:4
BRH:0
end_of_record
TN:
SF:C:\Users\WINDOWS\Documents\projects\developerdir\controllers\profileController.js
FN:6,(anonymous_0)
FN:7,(anonymous_1)
FN:14,(anonymous_2)
FN:16,(anonymous_3)
FN:22,(anonymous_4)
FN:24,(anonymous_5)
FN:50,(anonymous_6)
FN:52,(anonymous_7)
FNF:8
FNH:0
FNDA:0,(anonymous_0)
FNDA:0,(anonymous_1)
FNDA:0,(anonymous_2)
FNDA:0,(anonymous_3)
FNDA:0,(anonymous_4)
FNDA:0,(anonymous_5)
FNDA:0,(anonymous_6)
FNDA:0,(anonymous_7)
DA:1,1
DA:2,1
DA:3,1
DA:6,1
DA:7,0
DA:8,0
DA:9,0
DA:10,0
DA:14,1
DA:16,0
DA:17,0
DA:18,0
DA:22,1
DA:24,0
DA:27,0
DA:28,0
DA:30,0
DA:31,0
DA:33,0
DA:35,0
DA:44,0
DA:46,0
DA:50,1
DA:52,0
DA:55,0
DA:56,0
DA:58,0
DA:60,0
DA:62,0
DA:64,0
LF:30
LH:7
BRDA:9,0,0,0
BRDA:9,0,1,0
BRDA:28,1,0,0
BRDA:28,1,1,0
BRDA:31,2,0,0
BRDA:31,2,1,0
BRDA:33,3,0,0
BRDA:33,3,1,0
BRDA:56,4,0,0
BRDA:56,4,1,0
BRDA:58,5,0,0
BRDA:58,5,1,0
BRF:12
BRH:0
end_of_record
TN:
SF:C:\Users\WINDOWS\Documents\projects\developerdir\controllers\userController.js
FN:11,(anonymous_0)
FN:12,(anonymous_1)
FN:19,(anonymous_2)
FN:22,(anonymous_3)
FN:48,(anonymous_4)
FN:69,(anonymous_5)
FN:70,(anonymous_6)
FN:90,(anonymous_7)
FN:91,(anonymous_8)
FN:109,(anonymous_9)
FN:110,(anonymous_10)
FNF:11
FNH:7
FNDA:0,(anonymous_0)
FNDA:0,(anonymous_1)
FNDA:3,(anonymous_2)
FNDA:3,(anonymous_3)
FNDA:3,(anonymous_4)
FNDA:2,(anonymous_5)
FNDA:2,(anonymous_6)
FNDA:1,(anonymous_7)
FNDA:1,(anonymous_8)
FNDA:0,(anonymous_9)
FNDA:0,(anonymous_10)
DA:1,1
DA:6,1
DA:7,1
DA:8,1
DA:9,1
DA:11,1
DA:12,0
DA:13,0
DA:14,0
DA:15,0
DA:19,1
DA:22,3
DA:25,3
DA:26,3
DA:28,3
DA:29,3
DA:32,2
DA:39,2
DA:41,2
DA:48,1
DA:52,3
DA:53,0
DA:55,0
DA:56,0
DA:58,0
DA:60,0
DA:61,0
DA:69,1
DA:70,2
DA:72,2
DA:73,2
DA:76,2
DA:77,2
DA:79,1
DA:82,0
DA:83,0
DA:85,0
DA:90,1
DA:91,1
DA:93,1
DA:94,1
DA:96,1
DA:98,1
DA:100,0
DA:102,0
DA:103,0
DA:105,0
DA:109,1
DA:110,0
DA:111,0
DA:112,0
DA:113,0
LF:52
LH:31
BRDA:14,0,0,0
BRDA:14,0,1,0
BRDA:26,1,0,0
BRDA:26,1,1,3
BRDA:29,2,0,1
BRDA:29,2,1,2
BRDA:56,3,0,0
BRDA:56,3,1,0
BRDA:58,4,0,0
BRDA:58,4,1,0
BRDA:61,5,0,0
BRDA:61,5,1,0
BRDA:73,6,0,0
BRDA:73,6,1,2
BRDA:77,7,0,1
BRDA:77,7,1,1
BRDA:79,8,0,1
BRDA:79,8,1,0
BRDA:83,9,0,0
BRDA:83,9,1,0
BRDA:94,10,0,0
BRDA:94,10,1,1
BRDA:98,11,0,1
BRDA:98,11,1,0
BRDA:103,12,0,0
BRDA:103,12,1,0
BRDA:112,13,0,0
BRDA:112,13,1,0
BRF:28
BRH:9
end_of_record
TN:
SF:C:\Users\WINDOWS\Documents\projects\developerdir\helpers\encryption.js
FN:3,(anonymous_0)
FNF:1
FNH:0
FNDA:0,(anonymous_0)
DA:1,1
DA:3,1
DA:4,0
DA:5,0
DA:6,0
DA:9,1
LF:6
LH:3
BRF:0
BRH:0
end_of_record
TN:
SF:C:\Users\WINDOWS\Documents\projects\developerdir\helpers\generate-token.js
FN:3,(anonymous_0)
FN:15,(anonymous_1)
FNF:2
FNH:1
FNDA:10,(anonymous_0)
FNDA:0,(anonymous_1)
DA:1,1
DA:3,1
DA:4,10
DA:11,10
DA:12,10
DA:15,1
DA:16,0
DA:17,0
DA:20,1
LF:9
LH:7
BRF:0
BRH:0
end_of_record
TN:
SF:C:\Users\WINDOWS\Documents\projects\developerdir\helpers\process-request.js
FN:1,(anonymous_0)
FNF:1
FNH:1
FNDA:8,(anonymous_0)
DA:1,1
DA:2,8
DA:3,8
DA:5,0
LF:4
LH:3
BRF:0
BRH:0
end_of_record
TN:
SF:C:\Users\WINDOWS\Documents\projects\developerdir\init\db-config.js
FN:4,(anonymous_0)
FN:13,(anonymous_1)
FNF:2
FNH:1
FNDA:1,(anonymous_0)
FNDA:0,(anonymous_1)
DA:1,1
DA:2,1
DA:4,1
DA:6,1
DA:7,1
DA:8,1
DA:10,0
DA:13,1
DA:14,0
LF:9
LH:7
BRF:0
BRH:0
end_of_record
TN:
SF:C:\Users\WINDOWS\Documents\projects\developerdir\init\start-app.js
FN:1,(anonymous_0)
FN:3,(anonymous_1)
FNF:2
FNH:2
FNDA:1,(anonymous_0)
FNDA:1,(anonymous_1)
DA:1,1
DA:2,1
DA:3,1
DA:6,1
LF:4
LH:4
BRDA:2,0,0,1
BRDA:2,0,1,1
BRF:2
BRH:2
end_of_record
TN:
SF:C:\Users\WINDOWS\Documents\projects\developerdir\mailer\user-reg.js
FN:6,sendmail
FNF:1
FNH:1
FNDA:10,sendmail
DA:1,1
DA:2,1
DA:3,1
DA:8,10
DA:9,10
DA:11,10
DA:19,10
DA:22,10
DA:30,10
DA:34,1
LF:10
LH:10
BRF:0
BRH:0
end_of_record
TN:
SF:C:\Users\WINDOWS\Documents\projects\developerdir\middleware\auth.js
FN:4,auth
FN:6,(anonymous_1)
FNF:2
FNH:2
FNDA:2,auth
FNDA:2,(anonymous_1)
DA:1,1
DA:2,1
DA:6,2
DA:7,2
DA:8,2
DA:10,1
DA:11,1
DA:12,1
DA:19,1
LF:9
LH:9
BRDA:8,0,0,1
BRDA:8,0,1,1
BRF:2
BRH:2
end_of_record
TN:
SF:C:\Users\WINDOWS\Documents\projects\developerdir\models\user.js
FN:68,(anonymous_0)
FN:72,(anonymous_1)
FN:76,(anonymous_2)
FN:88,(anonymous_3)
FN:95,(anonymous_4)
FN:100,(anonymous_5)
FN:104,(anonymous_6)
FN:117,(anonymous_7)
FNF:8
FNH:5
FNDA:3,(anonymous_0)
FNDA:1,(anonymous_1)
FNDA:2,(anonymous_2)
FNDA:0,(anonymous_3)
FNDA:0,(anonymous_4)
FNDA:0,(anonymous_5)
FNDA:10,(anonymous_6)
FNDA:10,(anonymous_7)
DA:1,1
DA:2,1
DA:3,1
DA:4,1
DA:6,1
DA:68,1
DA:69,3
DA:72,1
DA:73,1
DA:76,1
DA:78,2
DA:79,2
DA:81,1
DA:83,1
DA:84,0
DA:88,1
DA:89,0
DA:90,0
DA:95,1
DA:96,0
DA:100,1
DA:101,0
DA:104,1
DA:105,10
DA:106,10
DA:109,10
DA:110,10
DA:111,10
DA:112,10
DA:113,10
DA:117,1
DA:118,10
DA:119,10
DA:120,10
DA:123,1
DA:125,1
LF:36
LH:31
BRDA:79,0,0,1
BRDA:79,0,1,1
BRDA:83,1,0,1
BRDA:83,1,1,0
BRDA:106,2,0,0
BRDA:106,2,1,10
BRF:6
BRH:4
end_of_record
TN:
SF:C:\Users\WINDOWS\Documents\projects\developerdir\routes\profiles.js
FNF:0
FNH:0
DA:1,1
DA:2,1
DA:3,1
DA:4,1
DA:7,1
DA:9,1
DA:12,1
DA:15,1
DA:17,1
LF:9
LH:9
BRF:0
BRH:0
end_of_record
TN:
SF:C:\Users\WINDOWS\Documents\projects\developerdir\routes\users.js
FNF:0
FNH:0
DA:1,1
DA:2,1
DA:3,1
DA:4,1
DA:6,1
DA:7,1
DA:8,1
DA:9,1
DA:10,1
DA:11,1
DA:13,1
LF:11
LH:11
BRF:0
BRH:0
end_of_record
TN:
SF:C:\Users\WINDOWS\Documents\projects\developerdir\validations\user-validation.js
FN:4,(anonymous_0)
FN:14,(anonymous_1)
FN:23,(anonymous_2)
FN:26,(anonymous_3)
FN:32,(anonymous_4)
FNF:5
FNH:3
FNDA:3,(anonymous_0)
FNDA:2,(anonymous_1)
FNDA:1,(anonymous_2)
FNDA:0,(anonymous_3)
FNDA:0,(anonymous_4)
DA:1,1
DA:4,1
DA:5,3
DA:11,3
DA:14,1
DA:15,2
DA:20,2
DA:23,1
DA:24,1
DA:26,0
DA:29,1
DA:32,1
DA:33,0
DA:41,0
DA:46,1
LF:15
LH:12
BRF:0
BRH:0
end_of_record
